[debug] [2020-11-08T15:46:42.442Z] ----------------------------------------------------------------------
[debug] [2020-11-08T15:46:42.445Z] Command:       C:\Program Files\nodejs\node.exe C:\Users\v ravi\AppData\Roaming\npm\node_modules\firebase-tools\lib\bin\firebase.js init
[debug] [2020-11-08T15:46:42.445Z] CLI Version:   8.14.1
[debug] [2020-11-08T15:46:42.445Z] Platform:      win32
[debug] [2020-11-08T15:46:42.446Z] Node Version:  v12.18.3
[debug] [2020-11-08T15:46:42.447Z] Time:          Sun Nov 08 2020 21:16:42 GMT+0530 (India Standard Time)
[debug] [2020-11-08T15:46:42.448Z] ----------------------------------------------------------------------
[debug] [2020-11-08T15:46:42.448Z] 
[debug] [2020-11-08T15:46:42.459Z] > command requires scopes: ["email","openid","https://www.googleapis.com/auth/cloudplatformprojects.readonly","https://www.googleapis.com/auth/firebase","https://www.googleapis.com/auth/cloud-platform"]
[debug] [2020-11-08T15:46:42.460Z] > authorizing via signed-in user
[info] 
     ######## #### ########  ######## ########     ###     ######  ########
     ##        ##  ##     ## ##       ##     ##  ##   ##  ##       ##
     ######    ##  ########  ######   ########  #########  ######  ######
     ##        ##  ##    ##  ##       ##     ## ##     ##       ## ##
     ##       #### ##     ## ######## ########  ##     ##  ######  ########

You're about to initialize a Firebase project in this directory:

  F:\instagram-clone

[info] 
=== Project Setup
[info] 
[info] First, let's associate this project directory with a Firebase project.
[info] You can create multiple project aliases by running firebase use --add, 
[info] but for now we'll just set up a default project.
[info] 
[debug] [2020-11-08T15:47:00.119Z] >>> HTTP REQUEST GET https://firebase.googleapis.com/v1beta1/projects?pageSize=100  
 
[debug] [2020-11-08T15:47:01.560Z] <<< HTTP RESPONSE 200 {"content-type":"application/json; charset=UTF-8","vary":"X-Origin, Referer, Origin,Accept-Encoding","date":"Sun, 08 Nov 2020 15:47:02 GMT","server":"ESF","cache-control":"private","x-xss-protection":"0","x-frame-options":"SAMEORIGIN","x-content-type-options":"nosniff","alt-svc":"h3-Q050=\":443\"; ma=2592000,h3-29=\":443\"; ma=2592000,h3-T051=\":443\"; ma=2592000,h3-T050=\":443\"; ma=2592000,h3-Q046=\":443\"; ma=2592000,h3-Q043=\":443\"; ma=2592000,quic=\":443\"; ma=2592000; v=\"46,43\"","accept-ranges":"none","transfer-encoding":"chunked"}
[info] i  Using project instagram-clone-30ad3 (Instagram-clone) 
[info] 
=== Hosting Setup
[info] 
[info] Your public directory is the folder (relative to your project directory) that
[info] will contain Hosting assets to be uploaded with firebase deploy. If you
[info] have a build process for your assets, use your build's output directory.
[info] 
[debug] [2020-11-08T15:47:17.810Z] >>> HTTP REQUEST GET https://www.gstatic.com/firebasejs/releases.json  
 
[debug] [2020-11-08T15:47:19.922Z] Error: unable to verify the first certificate
    at TLSSocket.onConnectSecure (_tls_wrap.js:1501:34)
    at TLSSocket.emit (events.js:315:20)
    at TLSSocket.EventEmitter.emit (domain.js:483:12)
    at TLSSocket._finishInit (_tls_wrap.js:936:8)
    at TLSWrap.ssl.onhandshakedone (_tls_wrap.js:710:12)
[error] 
[error] Error: Server Error. unable to verify the first certificate
[debug] [2020-11-08T15:52:45.180Z] ----------------------------------------------------------------------
[debug] [2020-11-08T15:52:45.183Z] Command:       C:\Program Files\nodejs\node.exe C:\Users\v ravi\AppData\Roaming\npm\node_modules\firebase-tools\lib\bin\firebase.js init
[debug] [2020-11-08T15:52:45.184Z] CLI Version:   8.14.1
[debug] [2020-11-08T15:52:45.184Z] Platform:      win32
[debug] [2020-11-08T15:52:45.184Z] Node Version:  v12.18.3
[debug] [2020-11-08T15:52:45.185Z] Time:          Sun Nov 08 2020 21:22:45 GMT+0530 (India Standard Time)
[debug] [2020-11-08T15:52:45.186Z] ----------------------------------------------------------------------
[debug] [2020-11-08T15:52:45.186Z] 
[debug] [2020-11-08T15:52:45.192Z] > command requires scopes: ["email","openid","https://www.googleapis.com/auth/cloudplatformprojects.readonly","https://www.googleapis.com/auth/firebase","https://www.googleapis.com/auth/cloud-platform"]
[debug] [2020-11-08T15:52:45.193Z] > authorizing via signed-in user
[info] 
     ######## #### ########  ######## ########     ###     ######  ########
     ##        ##  ##     ## ##       ##     ##  ##   ##  ##       ##
     ######    ##  ########  ######   ########  #########  ######  ######
     ##        ##  ##    ##  ##       ##     ## ##     ##       ## ##
     ##       #### ##     ## ######## ########  ##     ##  ######  ########

You're about to initialize a Firebase project in this directory:

  F:\instagram-clone

[info] 
=== Project Setup
[info] 
[info] First, let's associate this project directory with a Firebase project.
[info] You can create multiple project aliases by running firebase use --add, 
[info] but for now we'll just set up a default project.
[info] 
[debug] [2020-11-08T15:52:56.836Z] >>> HTTP REQUEST GET https://firebase.googleapis.com/v1beta1/projects?pageSize=100  
 
[debug] [2020-11-08T15:52:59.733Z] <<< HTTP RESPONSE 200 {"content-type":"application/json; charset=UTF-8","vary":"X-Origin, Referer, Origin,Accept-Encoding","date":"Sun, 08 Nov 2020 15:53:00 GMT","server":"ESF","cache-control":"private","x-xss-protection":"0","x-frame-options":"SAMEORIGIN","x-content-type-options":"nosniff","alt-svc":"h3-Q050=\":443\"; ma=2592000,h3-29=\":443\"; ma=2592000,h3-T051=\":443\"; ma=2592000,h3-T050=\":443\"; ma=2592000,h3-Q046=\":443\"; ma=2592000,h3-Q043=\":443\"; ma=2592000,quic=\":443\"; ma=2592000; v=\"46,43\"","accept-ranges":"none","transfer-encoding":"chunked"}
[info] i  Using project instagram-clone-30ad3 (Instagram-clone) 
[info] 
=== Hosting Setup
[info] 
[info] Your public directory is the folder (relative to your project directory) that
[info] will contain Hosting assets to be uploaded with firebase deploy. If you
[info] have a build process for your assets, use your build's output directory.
[info] 
[debug] [2020-11-08T15:53:12.448Z] >>> HTTP REQUEST GET https://www.gstatic.com/firebasejs/releases.json  
 
[debug] [2020-11-08T15:53:15.972Z] Error: unable to verify the first certificate
    at TLSSocket.onConnectSecure (_tls_wrap.js:1501:34)
    at TLSSocket.emit (events.js:315:20)
    at TLSSocket.EventEmitter.emit (domain.js:483:12)
    at TLSSocket._finishInit (_tls_wrap.js:936:8)
    at TLSWrap.ssl.onhandshakedone (_tls_wrap.js:710:12)
[error] 
[error] Error: Server Error. unable to verify the first certificate
